------------------------------------------------------------
Client connecting to 192.168.1.6, UDP port 5001
UDP buffer size:  176 KByte (default)
------------------------------------------------------------
[  3] local 192.168.1.5 port 53806 connected with 192.168.1.6 port 5001
[ ID] Interval       Transfer     Bandwidth
[  3] 0.0000-1.0000 sec   128 KBytes  1.05 Mbits/sec
[  3] 1.0000-2.0000 sec  98.2 KBytes   805 Kbits/sec
[  3] 2.0000-3.0000 sec   100 Bytes   800 bits/sec
[  3] 3.0000-4.0000 sec   142 KBytes  1.16 Mbits/sec
[  3] 4.0000-5.0000 sec   142 KBytes  1.16 Mbits/sec
[  3] 5.0000-6.0000 sec   128 KBytes  1.05 Mbits/sec
[  3] 6.0000-7.0000 sec   128 KBytes  1.05 Mbits/sec
[  3] 7.0000-8.0000 sec   128 KBytes  1.05 Mbits/sec
[  3] 8.0000-9.0000 sec  4.79 KBytes  39.2 Kbits/sec
[  3] 9.0000-10.0000 sec  76.9 KBytes   630 Kbits/sec
[  3] 0.0000-10.0314 sec   976 KBytes   797 Kbits/sec
[  3] Sent 0 datagrams
[  3] Server Report:
[ ID] Interval       Transfer     Bandwidth        Jitter   Lost/Total Datagrams
[  3] 0.0000-10.1010 sec   974 KBytes   790 Kbits/sec   5.566 ms   16/ 9990 (0.16%)


Signal strength: -25 dBm
SNR: None dB