------------------------------------------------------------
Client connecting to 192.168.1.6, UDP port 5001
UDP buffer size:  176 KByte (default)
------------------------------------------------------------
[  3] local 192.168.1.5 port 34482 connected with 192.168.1.6 port 5001
[ ID] Interval       Transfer     Bandwidth
[  3] 0.0000-1.0000 sec   128 KBytes  1.05 Mbits/sec
[  3] 1.0000-2.0000 sec   128 KBytes  1.05 Mbits/sec
[  3] 2.0000-3.0000 sec   128 KBytes  1.05 Mbits/sec
[  3] 3.0000-4.0000 sec  76.2 KBytes   624 Kbits/sec
[  3] 4.0000-5.0000 sec  13.1 KBytes   107 Kbits/sec
[  3] 5.0000-6.0000 sec   129 KBytes  1.05 Mbits/sec
[  3] 6.0000-7.0000 sec   155 KBytes  1.27 Mbits/sec
[  3] 7.0000-8.0000 sec   125 KBytes  1.02 Mbits/sec
[  3] 8.0000-9.0000 sec   140 KBytes  1.15 Mbits/sec
[  3] 9.0000-10.0000 sec   112 KBytes   918 Kbits/sec
[  3] 0.0000-10.8945 sec  1.11 MBytes   853 Kbits/sec
[  3] Sent 0 datagrams
[  3] Server Report:
[ ID] Interval       Transfer     Bandwidth        Jitter   Lost/Total Datagrams
[  3] 0.0000-11.3037 sec  1.11 MBytes   822 Kbits/sec  64.386 ms    0/11612 (0%)


Signal strength: -27 dBm
SNR: None dB