------------------------------------------------------------
Client connecting to 192.168.1.6, UDP port 5001
UDP buffer size:  176 KByte (default)
------------------------------------------------------------
[  3] local 192.168.1.5 port 41021 connected with 192.168.1.6 port 5001
[ ID] Interval       Transfer     Bandwidth
[  3] 0.0000-1.0000 sec   128 KBytes  1.05 Mbits/sec
[  3] 1.0000-2.0000 sec   128 KBytes  1.05 Mbits/sec
[  3] 2.0000-3.0000 sec  61.5 KBytes   504 Kbits/sec
[  3] 3.0000-4.0000 sec  38.4 KBytes   314 Kbits/sec
[  3] 4.0000-5.0000 sec   154 KBytes  1.26 Mbits/sec
[  3] 5.0000-6.0000 sec   128 KBytes  1.05 Mbits/sec
[  3] 6.0000-7.0000 sec   128 KBytes  1.05 Mbits/sec
[  3] 7.0000-8.0000 sec   128 KBytes  1.05 Mbits/sec
[  3] 8.0000-9.0000 sec   101 KBytes   831 Kbits/sec
[  3] 9.0000-10.0000 sec  13.1 KBytes   107 Kbits/sec
[  3] 0.0000-10.0227 sec  1009 KBytes   824 Kbits/sec
[  3] Sent 0 datagrams
[  3] Server Report:
[ ID] Interval       Transfer     Bandwidth        Jitter   Lost/Total Datagrams
[  3] 0.0000-10.1020 sec  1009 KBytes   818 Kbits/sec   4.304 ms    0/10329 (0%)


Signal strength: -29 dBm
SNR: None dB