------------------------------------------------------------
Client connecting to 192.168.1.6, UDP port 5001
UDP buffer size:  176 KByte (default)
------------------------------------------------------------
[  3] local 192.168.1.5 port 35146 connected with 192.168.1.6 port 5001
[ ID] Interval       Transfer     Bandwidth
[  3] 0.0000-1.0000 sec   128 KBytes  1.05 Mbits/sec
[  3] 1.0000-2.0000 sec   128 KBytes  1.05 Mbits/sec
[  3] 2.0000-3.0000 sec   128 KBytes  1.05 Mbits/sec
[  3] 3.0000-4.0000 sec  33.7 KBytes   276 Kbits/sec
[  3] 4.0000-5.0000 sec  91.8 KBytes   752 Kbits/sec
[  3] 5.0000-6.0000 sec   128 KBytes  1.05 Mbits/sec
[  3] 6.0000-7.0000 sec   128 KBytes  1.05 Mbits/sec
[  3] 7.0000-8.0000 sec   128 KBytes  1.05 Mbits/sec
[  3] 8.0000-9.0000 sec   128 KBytes  1.05 Mbits/sec
[  3] 9.0000-10.0000 sec  65.8 KBytes   539 Kbits/sec
[  3] 0.0000-10.5334 sec  1.06 MBytes   846 Kbits/sec
[  3] Sent 0 datagrams
[  3] Server Report:
[ ID] Interval       Transfer     Bandwidth        Jitter   Lost/Total Datagrams
[  3] 0.0000-2.5857 sec   173 KBytes   549 Kbits/sec  64.192 ms 9364/11137 (84%)


Signal strength: -29 dBm
SNR: None dB