------------------------------------------------------------
Client connecting to 192.168.1.6, UDP port 5001
UDP buffer size:  176 KByte (default)
------------------------------------------------------------
[  3] local 192.168.1.5 port 34970 connected with 192.168.1.6 port 5001
[ ID] Interval       Transfer     Bandwidth
[  3] 0.0000-1.0000 sec  59.9 KBytes   491 Kbits/sec
[  3] 1.0000-2.0000 sec  66.2 KBytes   542 Kbits/sec
[  3] 2.0000-3.0000 sec  5.08 KBytes  41.6 Kbits/sec
[  3] 3.0000-4.0000 sec   121 KBytes   993 Kbits/sec
[  3] 4.0000-5.0000 sec   128 KBytes  1.05 Mbits/sec
[  3] 5.0000-6.0000 sec   128 KBytes  1.05 Mbits/sec
[  3] 6.0000-7.0000 sec   128 KBytes  1.05 Mbits/sec
[  3] 7.0000-8.0000 sec   128 KBytes  1.05 Mbits/sec
[  3] 8.0000-9.0000 sec  59.4 KBytes   486 Kbits/sec
[  3] 9.0000-10.0000 sec  66.2 KBytes   542 Kbits/sec
[  3] 0.0000-10.0014 sec   890 KBytes   729 Kbits/sec
[  3] Sent 0 datagrams
[  3] Server Report:
[ ID] Interval       Transfer     Bandwidth        Jitter   Lost/Total Datagrams
[  3] 0.0000-10.1113 sec   887 KBytes   719 Kbits/sec   0.467 ms   28/ 9116 (0.31%)


Signal strength: -29 dBm
SNR: None dB