------------------------------------------------------------
Client connecting to 192.168.1.6, UDP port 5001
UDP buffer size:  176 KByte (default)
------------------------------------------------------------
[  3] local 192.168.1.5 port 43790 connected with 192.168.1.6 port 5001
[ ID] Interval       Transfer     Bandwidth
[  3] 0.0000-1.0000 sec   128 KBytes  1.05 Mbits/sec
[  3] 1.0000-2.0000 sec  63.5 KBytes   520 Kbits/sec
[  3] 2.0000-3.0000 sec   500 Bytes  4.00 Kbits/sec
[  3] 3.0000-4.0000 sec   124 KBytes  1.02 Mbits/sec
[  3] 4.0000-5.0000 sec   128 KBytes  1.05 Mbits/sec
[  3] 5.0000-6.0000 sec   128 KBytes  1.05 Mbits/sec
[  3] 6.0000-7.0000 sec   128 KBytes  1.05 Mbits/sec
[  3] 7.0000-8.0000 sec   128 KBytes  1.05 Mbits/sec
[  3] 8.0000-9.0000 sec  19.4 KBytes   159 Kbits/sec
[  3] 9.0000-10.0000 sec   107 KBytes   873 Kbits/sec
[  3] 0.0000-10.0013 sec   955 KBytes   782 Kbits/sec
[  3] Sent 0 datagrams
[  3] Server Report:
[ ID] Interval       Transfer     Bandwidth        Jitter   Lost/Total Datagrams
[  3] 0.0000-10.0404 sec   952 KBytes   777 Kbits/sec   0.611 ms   25/ 9776 (0.26%)


Signal strength: -29 dBm
SNR: None dB