------------------------------------------------------------
Client connecting to 192.168.1.6, UDP port 5001
UDP buffer size:  176 KByte (default)
------------------------------------------------------------
[  3] local 192.168.1.5 port 48445 connected with 192.168.1.6 port 5001
[ ID] Interval       Transfer     Bandwidth
[  3] 0.0000-1.0000 sec  89.2 KBytes   731 Kbits/sec
[  3] 1.0000-2.0000 sec   155 KBytes  1.27 Mbits/sec
[  3] 2.0000-3.0000 sec   140 KBytes  1.14 Mbits/sec
[  3] 3.0000-4.0000 sec   120 KBytes   984 Kbits/sec
[  3] 4.0000-5.0000 sec  2.54 KBytes  20.8 Kbits/sec
[  3] 5.0000-6.0000 sec  56.7 KBytes   465 Kbits/sec
[  3] 6.0000-7.0000 sec  39.2 KBytes   321 Kbits/sec
[  3] 7.0000-8.0000 sec   155 KBytes  1.27 Mbits/sec
[  3] 8.0000-9.0000 sec   128 KBytes  1.05 Mbits/sec
[  3] 9.0000-10.0000 sec   128 KBytes  1.05 Mbits/sec
[  3] 0.0000-10.0012 sec  1014 KBytes   830 Kbits/sec
[  3] Sent 0 datagrams
[  3] Server Report:
[ ID] Interval       Transfer     Bandwidth        Jitter   Lost/Total Datagrams
[  3] 0.0000-9.5304 sec  1011 KBytes   869 Kbits/sec   0.433 ms   27/10382 (0.26%)


Signal strength: -27 dBm
SNR: None dB