------------------------------------------------------------
Client connecting to 192.168.1.6, UDP port 5001
UDP buffer size:  176 KByte (default)
------------------------------------------------------------
[  3] local 192.168.1.5 port 55140 connected with 192.168.1.6 port 5001
[ ID] Interval       Transfer     Bandwidth
[  3] 0.0000-1.0000 sec   128 KBytes  1.05 Mbits/sec
[  3] 1.0000-2.0000 sec  20.4 KBytes   167 Kbits/sec
[  3] 2.0000-3.0000 sec   104 KBytes   855 Kbits/sec
[  3] 3.0000-4.0000 sec   128 KBytes  1.05 Mbits/sec
[  3] 4.0000-5.0000 sec   128 KBytes  1.05 Mbits/sec
[  3] 5.0000-6.0000 sec  89.1 KBytes   730 Kbits/sec
[  3] 6.0000-7.0000 sec  16.6 KBytes   136 Kbits/sec
[  3] 7.0000-8.0000 sec  60.6 KBytes   497 Kbits/sec
[  3] 8.0000-9.0000 sec  52.2 KBytes   428 Kbits/sec
[  3] 9.0000-10.0000 sec   152 KBytes  1.24 Mbits/sec
[  3] 0.0000-10.0902 sec   880 KBytes   714 Kbits/sec
[  3] Sent 0 datagrams
[  3] Server Report:
[ ID] Interval       Transfer     Bandwidth        Jitter   Lost/Total Datagrams
[  3] 0.0000-10.1660 sec   877 KBytes   706 Kbits/sec   9.952 ms   29/ 9007 (0.32%)


Signal strength: -27 dBm
SNR: None dB