------------------------------------------------------------
Client connecting to 192.168.1.6, UDP port 5001
UDP buffer size:  176 KByte (default)
------------------------------------------------------------
[  3] local 192.168.1.5 port 37434 connected with 192.168.1.6 port 5001
[ ID] Interval       Transfer     Bandwidth
[  3] 0.0000-1.0000 sec   128 KBytes  1.05 Mbits/sec
[  3] 1.0000-2.0000 sec  42.9 KBytes   351 Kbits/sec
[  3] 2.0000-3.0000 sec  83.6 KBytes   685 Kbits/sec
[  3] 3.0000-4.0000 sec   128 KBytes  1.05 Mbits/sec
[  3] 4.0000-5.0000 sec   128 KBytes  1.05 Mbits/sec
[  3] 5.0000-6.0000 sec   128 KBytes  1.05 Mbits/sec
[  3] 6.0000-7.0000 sec  54.6 KBytes   447 Kbits/sec
[  3] 7.0000-8.0000 sec  2.44 KBytes  20.0 Kbits/sec
[  3] 8.0000-9.0000 sec  25.8 KBytes   211 Kbits/sec
[  3] 9.0000-10.0000 sec   169 KBytes  1.39 Mbits/sec
[  3] 0.0000-10.0009 sec   891 KBytes   730 Kbits/sec
[  3] Sent 0 datagrams
[  3] Server Report:
[ ID] Interval       Transfer     Bandwidth        Jitter   Lost/Total Datagrams
[  3] 0.0000-9.9999 sec   888 KBytes   728 Kbits/sec   0.403 ms   26/ 9121 (0.29%)


Signal strength: -27 dBm
SNR: None dB