------------------------------------------------------------
Client connecting to 192.168.1.6, UDP port 5001
UDP buffer size:  176 KByte (default)
------------------------------------------------------------
[  3] local 192.168.1.5 port 47973 connected with 192.168.1.6 port 5001
[ ID] Interval       Transfer     Bandwidth
[  3] 0.0000-1.0000 sec   110 KBytes   904 Kbits/sec
[  3] 1.0000-2.0000 sec  2.93 KBytes  24.0 Kbits/sec
[  3] 2.0000-3.0000 sec  26.2 KBytes   214 Kbits/sec
[  3] 3.0000-4.0000 sec   167 KBytes  1.37 Mbits/sec
[  3] 4.0000-5.0000 sec   139 KBytes  1.14 Mbits/sec
[  3] 5.0000-6.0000 sec   128 KBytes  1.05 Mbits/sec
[  3] 6.0000-7.0000 sec   128 KBytes  1.05 Mbits/sec
[  3] 7.0000-8.0000 sec   123 KBytes  1.01 Mbits/sec
[  3] 8.0000-9.0000 sec   100 Bytes   800 bits/sec
[  3] 9.0000-10.0000 sec   131 KBytes  1.07 Mbits/sec
[  3] 0.0000-10.0016 sec   956 KBytes   783 Kbits/sec
[  3] Sent 0 datagrams
[  3] Server Report:
[ ID] Interval       Transfer     Bandwidth        Jitter   Lost/Total Datagrams
[  3] 0.0000-10.0002 sec   953 KBytes   781 Kbits/sec   0.437 ms   33/ 9791 (0.34%)
[  3] 0.0000-10.0002 sec  1 datagrams received out-of-order


Signal strength: -27 dBm
SNR: None dB