------------------------------------------------------------
Client connecting to 192.168.1.6, UDP port 5001
UDP buffer size:  176 KByte (default)
------------------------------------------------------------
[  3] local 192.168.1.5 port 36064 connected with 192.168.1.6 port 5001
[ ID] Interval       Transfer     Bandwidth
[  3] 0.0000-1.0000 sec  25.1 KBytes   205 Kbits/sec
[  3] 1.0000-2.0000 sec   128 KBytes  1.05 Mbits/sec
[  3] 2.0000-3.0000 sec   155 KBytes  1.27 Mbits/sec
[  3] 3.0000-4.0000 sec   139 KBytes  1.14 Mbits/sec
[  3] 4.0000-5.0000 sec   128 KBytes  1.05 Mbits/sec
[  3] 5.0000-6.0000 sec   128 KBytes  1.05 Mbits/sec
[  3] 6.0000-7.0000 sec  26.7 KBytes   218 Kbits/sec
[  3] 7.0000-8.0000 sec  98.7 KBytes   809 Kbits/sec
[  3] 8.0000-9.0000 sec   128 KBytes  1.05 Mbits/sec
[  3] 9.0000-10.0000 sec   128 KBytes  1.05 Mbits/sec
[  3] 0.0000-10.0016 sec  1.06 MBytes   889 Kbits/sec
[  3] Sent 0 datagrams
[  3] Server Report:
[ ID] Interval       Transfer     Bandwidth        Jitter   Lost/Total Datagrams
[  3] 0.0000-8.9840 sec  1.06 MBytes   990 Kbits/sec   0.711 ms    0/11113 (0%)


Signal strength: -27 dBm
SNR: None dB