------------------------------------------------------------
Client connecting to 192.168.1.6, UDP port 5001
UDP buffer size:  176 KByte (default)
------------------------------------------------------------
[  3] local 192.168.1.5 port 53010 connected with 192.168.1.6 port 5001
[ ID] Interval       Transfer     Bandwidth
[  3] 0.0000-1.0000 sec   128 KBytes  1.05 Mbits/sec
[  3] 1.0000-2.0000 sec   128 KBytes  1.05 Mbits/sec
[  3] 2.0000-3.0000 sec   128 KBytes  1.05 Mbits/sec
[  3] 3.0000-4.0000 sec   128 KBytes  1.05 Mbits/sec
[  3] 4.0000-5.0000 sec  34.3 KBytes   281 Kbits/sec
[  3] 5.0000-6.0000 sec  51.5 KBytes   422 Kbits/sec
[  3] 6.0000-7.0000 sec   130 KBytes  1.06 Mbits/sec
[  3] 7.0000-8.0000 sec   105 KBytes   863 Kbits/sec
[  3] 8.0000-9.0000 sec   122 KBytes   998 Kbits/sec
[  3] 9.0000-10.0000 sec   128 KBytes  1.05 Mbits/sec
[  3] 0.0000-10.0014 sec  1.06 MBytes   887 Kbits/sec
[  3] Sent 0 datagrams
[  3] Server Report:
[ ID] Interval       Transfer     Bandwidth        Jitter   Lost/Total Datagrams
[  3] 0.0000-10.0064 sec  1.06 MBytes   887 Kbits/sec   0.509 ms    0/11092 (0%)


Signal strength: -31 dBm
SNR: None dB