------------------------------------------------------------
Client connecting to 192.168.1.6, UDP port 5001
UDP buffer size:  176 KByte (default)
------------------------------------------------------------
[  3] local 192.168.1.5 port 33657 connected with 192.168.1.6 port 5001
[ ID] Interval       Transfer     Bandwidth
[  3] 0.0000-1.0000 sec  69.1 KBytes   566 Kbits/sec
[  3] 1.0000-2.0000 sec  56.6 KBytes   464 Kbits/sec
[  3] 2.0000-3.0000 sec   128 KBytes  1.05 Mbits/sec
[  3] 3.0000-4.0000 sec   128 KBytes  1.05 Mbits/sec
[  3] 4.0000-5.0000 sec   128 KBytes  1.05 Mbits/sec
[  3] 5.0000-6.0000 sec   128 KBytes  1.05 Mbits/sec
[  3] 6.0000-7.0000 sec  95.4 KBytes   782 Kbits/sec
[  3] 7.0000-8.0000 sec  31.1 KBytes   254 Kbits/sec
[  3] 8.0000-9.0000 sec   112 KBytes   918 Kbits/sec
[  3] 9.0000-10.0000 sec   144 KBytes  1.18 Mbits/sec
[  3] 0.0000-10.0010 sec  1020 KBytes   836 Kbits/sec
[  3] Sent 0 datagrams
[  3] Server Report:
[ ID] Interval       Transfer     Bandwidth        Jitter   Lost/Total Datagrams
[  3] 0.0000-1.8109 sec   232 KBytes  1.05 Mbits/sec   0.312 ms 8071/10449 (77%)


Signal strength: -41 dBm
SNR: None dB