------------------------------------------------------------
Client connecting to 192.168.1.6, UDP port 5001
UDP buffer size:  176 KByte (default)
------------------------------------------------------------
[  3] local 192.168.1.5 port 56089 connected with 192.168.1.6 port 5001
[ ID] Interval       Transfer     Bandwidth
[  3] 0.0000-1.0000 sec   112 KBytes   914 Kbits/sec
[  3] 1.0000-2.0000 sec   100 Bytes   800 bits/sec
[  3] 2.0000-3.0000 sec   142 KBytes  1.16 Mbits/sec
[  3] 3.0000-4.0000 sec   126 KBytes  1.03 Mbits/sec
[  3] 4.0000-5.0000 sec  1.27 KBytes  10.4 Kbits/sec
[  3] 5.0000-6.0000 sec  2.64 KBytes  21.6 Kbits/sec
[  3] 6.0000-7.0000 sec  2.34 KBytes  19.2 Kbits/sec
[  3] 7.0000-8.0000 sec  2.15 KBytes  17.6 Kbits/sec
[  3] 8.0000-9.0000 sec   800 Bytes  6.40 Kbits/sec
[  3] 9.0000-10.0000 sec  2.15 KBytes  17.6 Kbits/sec
[  3] 0.0000-10.1585 sec   392 KBytes   316 Kbits/sec
[  3] Sent 0 datagrams


Signal strength: -45 dBm
SNR: None dB