------------------------------------------------------------
Client connecting to 192.168.1.6, UDP port 5001
UDP buffer size:  176 KByte (default)
------------------------------------------------------------
[  3] local 192.168.1.5 port 52474 connected with 192.168.1.6 port 5001
[ ID] Interval       Transfer     Bandwidth
[  3] 0.0000-1.0000 sec   128 KBytes  1.05 Mbits/sec
[  3] 1.0000-2.0000 sec   128 KBytes  1.05 Mbits/sec
[  3] 2.0000-3.0000 sec   128 KBytes  1.05 Mbits/sec
[  3] 3.0000-4.0000 sec   125 KBytes  1.02 Mbits/sec
[  3] 4.0000-5.0000 sec   100 Bytes   800 bits/sec
[  3] 5.0000-6.0000 sec   116 KBytes   953 Kbits/sec
[  3] 6.0000-7.0000 sec  89.9 KBytes   737 Kbits/sec
[  3] 7.0000-8.0000 sec  82.8 KBytes   678 Kbits/sec
[  3] 8.0000-9.0000 sec   117 KBytes   956 Kbits/sec
[  3] 9.0000-10.0000 sec   100 KBytes   822 Kbits/sec
[  3] 0.0000-10.0012 sec  1016 KBytes   832 Kbits/sec
[  3] Sent 0 datagrams
[  3] Server Report:
[ ID] Interval       Transfer     Bandwidth        Jitter   Lost/Total Datagrams
[  3] 0.0000-11.4700 sec  1016 KBytes   725 Kbits/sec   0.561 ms    0/10400 (0%)


Signal strength: -43 dBm
SNR: None dB