------------------------------------------------------------
Client connecting to 192.168.1.6, UDP port 5001
UDP buffer size:  176 KByte (default)
------------------------------------------------------------
[  3] local 192.168.1.5 port 52832 connected with 192.168.1.6 port 5001
[ ID] Interval       Transfer     Bandwidth
[  3] 0.0000-1.0000 sec   128 KBytes  1.05 Mbits/sec
[  3] 1.0000-2.0000 sec   128 KBytes  1.05 Mbits/sec
[  3] 2.0000-3.0000 sec   128 KBytes  1.05 Mbits/sec
[  3] 3.0000-4.0000 sec   101 KBytes   826 Kbits/sec
[  3] 4.0000-5.0000 sec  12.9 KBytes   106 Kbits/sec
[  3] 5.0000-6.0000 sec   140 KBytes  1.15 Mbits/sec
[  3] 6.0000-7.0000 sec   128 KBytes  1.05 Mbits/sec
[  3] 7.0000-8.0000 sec   128 KBytes  1.05 Mbits/sec
[  3] 8.0000-9.0000 sec   128 KBytes  1.05 Mbits/sec
[  3] 9.0000-10.0000 sec  87.4 KBytes   716 Kbits/sec
[  3] 0.0000-10.1863 sec  1.08 MBytes   892 Kbits/sec
[  3] Sent 0 datagrams
[  3] Server Report:
[ ID] Interval       Transfer     Bandwidth        Jitter   Lost/Total Datagrams
[  3] 0.0000-11.3076 sec  1.08 MBytes   802 Kbits/sec  29.955 ms   23/11361 (0.2%)


Signal strength: -49 dBm
SNR: None dB