------------------------------------------------------------
Client connecting to 192.168.1.6, UDP port 5001
UDP buffer size:  176 KByte (default)
------------------------------------------------------------
[  3] local 192.168.1.5 port 37338 connected with 192.168.1.6 port 5001
[ ID] Interval       Transfer     Bandwidth
[  3] 0.0000-1.0000 sec   128 KBytes  1.05 Mbits/sec
[  3] 1.0000-2.0000 sec   128 KBytes  1.05 Mbits/sec
[  3] 2.0000-3.0000 sec  50.5 KBytes   414 Kbits/sec
[  3] 3.0000-4.0000 sec   900 Bytes  7.20 Kbits/sec
[  3] 4.0000-5.0000 sec  2.05 KBytes  16.8 Kbits/sec
[  3] 5.0000-6.0000 sec  2.05 KBytes  16.8 Kbits/sec
[  3] 6.0000-7.0000 sec  1.86 KBytes  15.2 Kbits/sec
[  3] 7.0000-8.0000 sec  1.07 KBytes  8.80 Kbits/sec
[  3] 8.0000-9.0000 sec  3.32 KBytes  27.2 Kbits/sec
[  3] 9.0000-10.0000 sec   100 Bytes   800 bits/sec
[  3] 0.0000-10.0625 sec   318 KBytes   259 Kbits/sec
[  3] Sent 0 datagrams


Signal strength: -53 dBm
SNR: None dB