------------------------------------------------------------
Client connecting to 192.168.1.6, UDP port 5001
UDP buffer size:  176 KByte (default)
------------------------------------------------------------
[  3] local 192.168.1.5 port 60580 connected with 192.168.1.6 port 5001
[ ID] Interval       Transfer     Bandwidth
[  3] 0.0000-1.0000 sec   128 KBytes  1.05 Mbits/sec
[  3] 1.0000-2.0000 sec   128 KBytes  1.05 Mbits/sec
[  3] 2.0000-3.0000 sec  56.8 KBytes   466 Kbits/sec
[  3] 3.0000-4.0000 sec  51.0 KBytes   418 Kbits/sec
[  3] 4.0000-5.0000 sec   146 KBytes  1.19 Mbits/sec
[  3] 5.0000-6.0000 sec   128 KBytes  1.05 Mbits/sec
[  3] 6.0000-7.0000 sec   128 KBytes  1.05 Mbits/sec
[  3] 7.0000-8.0000 sec   128 KBytes  1.05 Mbits/sec
[  3] 8.0000-9.0000 sec  93.3 KBytes   764 Kbits/sec
[  3] 9.0000-10.0000 sec   100 Bytes   800 bits/sec
[  3] 0.0000-10.1181 sec   987 KBytes   799 Kbits/sec
[  3] Sent 0 datagrams
[  3] Server Report:
[ ID] Interval       Transfer     Bandwidth        Jitter   Lost/Total Datagrams
[  3] 0.0000-10.1812 sec   987 KBytes   794 Kbits/sec  78.022 ms    0/10109 (0%)


Signal strength: -35 dBm
SNR: None dB