------------------------------------------------------------
Client connecting to 192.168.1.6, UDP port 5001
UDP buffer size:  176 KByte (default)
------------------------------------------------------------
[  3] local 192.168.1.5 port 49559 connected with 192.168.1.6 port 5001
[ ID] Interval       Transfer     Bandwidth
[  3] 0.0000-1.0000 sec   128 KBytes  1.05 Mbits/sec
[  3] 1.0000-2.0000 sec   128 KBytes  1.05 Mbits/sec
[  3] 2.0000-3.0000 sec  60.7 KBytes   498 Kbits/sec
[  3] 3.0000-4.0000 sec  39.6 KBytes   325 Kbits/sec
[  3] 4.0000-5.0000 sec   153 KBytes  1.25 Mbits/sec
[  3] 5.0000-6.0000 sec   128 KBytes  1.05 Mbits/sec
[  3] 6.0000-7.0000 sec   128 KBytes  1.05 Mbits/sec
[  3] 7.0000-8.0000 sec   128 KBytes  1.05 Mbits/sec
[  3] 8.0000-9.0000 sec  96.8 KBytes   793 Kbits/sec
[  3] 9.0000-10.0000 sec   100 Bytes   800 bits/sec
[  3] 0.0000-10.0201 sec   991 KBytes   810 Kbits/sec
[  3] Sent 0 datagrams
[  3] Server Report:
[ ID] Interval       Transfer     Bandwidth        Jitter   Lost/Total Datagrams
[  3] 0.0000-10.0958 sec   991 KBytes   804 Kbits/sec  70.691 ms    0/10145 (0%)


Signal strength: -35 dBm
SNR: None dB