------------------------------------------------------------
Client connecting to 192.168.1.6, UDP port 5001
UDP buffer size:  176 KByte (default)
------------------------------------------------------------
[  3] local 192.168.1.5 port 47114 connected with 192.168.1.6 port 5001
[ ID] Interval       Transfer     Bandwidth
[  3] 0.0000-1.0000 sec   128 KBytes  1.05 Mbits/sec
[  3] 1.0000-2.0000 sec   128 KBytes  1.05 Mbits/sec
[  3] 2.0000-3.0000 sec  27.7 KBytes   227 Kbits/sec
[  3] 3.0000-4.0000 sec  63.2 KBytes   518 Kbits/sec
[  3] 4.0000-5.0000 sec   143 KBytes  1.17 Mbits/sec
[  3] 5.0000-6.0000 sec   148 KBytes  1.22 Mbits/sec
[  3] 6.0000-7.0000 sec   128 KBytes  1.05 Mbits/sec
[  3] 7.0000-8.0000 sec   128 KBytes  1.05 Mbits/sec
[  3] 8.0000-9.0000 sec  73.8 KBytes   605 Kbits/sec
[  3] 9.0000-10.0000 sec  13.3 KBytes   109 Kbits/sec
[  3] 0.0000-10.0702 sec   982 KBytes   798 Kbits/sec
[  3] Sent 0 datagrams
[  3] Server Report:
[ ID] Interval       Transfer     Bandwidth        Jitter   Lost/Total Datagrams
[  3] 0.0000-10.2153 sec   982 KBytes   787 Kbits/sec   8.851 ms    0/10051 (0%)


Signal strength: -51 dBm
SNR: None dB