------------------------------------------------------------
Client connecting to 192.168.1.6, UDP port 5001
UDP buffer size:  176 KByte (default)
------------------------------------------------------------
[  3] local 192.168.1.5 port 45264 connected with 192.168.1.6 port 5001
[ ID] Interval       Transfer     Bandwidth
[  3] 0.0000-1.0000 sec  25.1 KBytes   205 Kbits/sec
[  3] 1.0000-2.0000 sec   101 KBytes   830 Kbits/sec
[  3] 2.0000-3.0000 sec   122 KBytes   996 Kbits/sec
[  3] 3.0000-4.0000 sec   100 Bytes   800 bits/sec
[  3] 4.0000-5.0000 sec   131 KBytes  1.07 Mbits/sec
[  3] 5.0000-6.0000 sec   127 KBytes  1.04 Mbits/sec
[  3] 6.0000-7.0000 sec  1000 Bytes  8.00 Kbits/sec
[  3] 7.0000-8.0000 sec   118 KBytes   964 Kbits/sec
[  3] 8.0000-9.0000 sec   137 KBytes  1.12 Mbits/sec
[  3] 9.0000-10.0000 sec  29.4 KBytes   241 Kbits/sec
[  3] 0.0000-10.4966 sec   792 KBytes   618 Kbits/sec
[  3] Sent 0 datagrams
[  3] Server Report:
[ ID] Interval       Transfer     Bandwidth        Jitter   Lost/Total Datagrams
[  3] 0.0000-9.4827 sec   789 KBytes   682 Kbits/sec  75.716 ms   25/ 8108 (0.31%)


Signal strength: -51 dBm
SNR: None dB