------------------------------------------------------------
Client connecting to 192.168.1.6, UDP port 5001
UDP buffer size:  176 KByte (default)
------------------------------------------------------------
[  3] local 192.168.1.5 port 58737 connected with 192.168.1.6 port 5001
[ ID] Interval       Transfer     Bandwidth
[  3] 0.0000-1.0000 sec   128 KBytes  1.05 Mbits/sec
[  3] 1.0000-2.0000 sec   128 KBytes  1.05 Mbits/sec
[  3] 2.0000-3.0000 sec   128 KBytes  1.05 Mbits/sec
[  3] 3.0000-4.0000 sec   128 KBytes  1.05 Mbits/sec
[  3] 4.0000-5.0000 sec  87.2 KBytes   714 Kbits/sec
[  3] 5.0000-6.0000 sec  13.0 KBytes   106 Kbits/sec
[  3] 6.0000-7.0000 sec   129 KBytes  1.06 Mbits/sec
[  3] 7.0000-8.0000 sec   152 KBytes  1.24 Mbits/sec
[  3] 8.0000-9.0000 sec  51.4 KBytes   421 Kbits/sec
[  3] 9.0000-10.0000 sec  25.8 KBytes   211 Kbits/sec
[  3] 0.0000-10.0219 sec   971 KBytes   794 Kbits/sec
[  3] Sent 0 datagrams
[  3] Server Report:
[ ID] Interval       Transfer     Bandwidth        Jitter   Lost/Total Datagrams
[  3] 0.0000-10.0936 sec   971 KBytes   788 Kbits/sec   9.510 ms    0/ 9941 (0%)


Signal strength: -61 dBm
SNR: None dB