------------------------------------------------------------
Client connecting to 192.168.1.6, UDP port 5001
UDP buffer size:  176 KByte (default)
------------------------------------------------------------
[  3] local 192.168.1.5 port 52854 connected with 192.168.1.6 port 5001
[ ID] Interval       Transfer     Bandwidth
[  3] 0.0000-1.0000 sec  88.8 KBytes   728 Kbits/sec
[  3] 1.0000-2.0000 sec  56.3 KBytes   462 Kbits/sec
[  3] 2.0000-3.0000 sec  52.3 KBytes   429 Kbits/sec
[  3] 3.0000-4.0000 sec   165 KBytes  1.35 Mbits/sec
[  3] 4.0000-5.0000 sec   128 KBytes  1.05 Mbits/sec
[  3] 5.0000-6.0000 sec   128 KBytes  1.05 Mbits/sec
[  3] 6.0000-7.0000 sec   128 KBytes  1.05 Mbits/sec
[  3] 7.0000-8.0000 sec  98.2 KBytes   805 Kbits/sec
[  3] 8.0000-9.0000 sec   100 Bytes   800 bits/sec
[  3] 9.0000-10.0000 sec   156 KBytes  1.28 Mbits/sec
[  3] 0.0000-10.0013 sec  1001 KBytes   820 Kbits/sec
[  3] Sent 0 datagrams
[  3] Server Report:
[ ID] Interval       Transfer     Bandwidth        Jitter   Lost/Total Datagrams
[  3] 0.0000-9.7222 sec  1001 KBytes   843 Kbits/sec   0.484 ms    7/10254 (0.068%)


Signal strength: -27 dBm
SNR: None dB