------------------------------------------------------------
Client connecting to 192.168.1.6, UDP port 5001
UDP buffer size:  176 KByte (default)
------------------------------------------------------------
[  3] local 192.168.1.5 port 57409 connected with 192.168.1.6 port 5001
[ ID] Interval       Transfer     Bandwidth
[  3] 0.0000-1.0000 sec  25.1 KBytes   205 Kbits/sec
[  3] 1.0000-2.0000 sec  85.9 KBytes   704 Kbits/sec
[  3] 2.0000-3.0000 sec   143 KBytes  1.17 Mbits/sec
[  3] 3.0000-4.0000 sec   100 KBytes   822 Kbits/sec
[  3] 4.0000-5.0000 sec   100 Bytes   800 bits/sec
[  3] 5.0000-6.0000 sec   131 KBytes  1.07 Mbits/sec
[  3] 6.0000-7.0000 sec   151 KBytes  1.23 Mbits/sec
[  3] 7.0000-8.0000 sec   128 KBytes  1.05 Mbits/sec
[  3] 8.0000-9.0000 sec   128 KBytes  1.05 Mbits/sec
[  3] 9.0000-10.0000 sec   128 KBytes  1.05 Mbits/sec
[  3] 0.0000-10.0013 sec  1020 KBytes   835 Kbits/sec
[  3] Sent 0 datagrams
[  3] Server Report:
[ ID] Interval       Transfer     Bandwidth        Jitter   Lost/Total Datagrams
[  3] 0.0000-10.4326 sec  1020 KBytes   801 Kbits/sec   0.572 ms    0/10442 (0%)


Signal strength: -27 dBm
SNR: None dB