------------------------------------------------------------
Client connecting to 192.168.1.6, UDP port 5001
UDP buffer size:  176 KByte (default)
------------------------------------------------------------
[  3] local 192.168.1.5 port 54074 connected with 192.168.1.6 port 5001
[ ID] Interval       Transfer     Bandwidth
[  3] 0.0000-1.0000 sec  25.1 KBytes   205 Kbits/sec
[  3] 1.0000-2.0000 sec   100 KBytes   823 Kbits/sec
[  3] 2.0000-3.0000 sec   128 KBytes  1.05 Mbits/sec
[  3] 3.0000-4.0000 sec   128 KBytes  1.05 Mbits/sec
[  3] 4.0000-5.0000 sec   128 KBytes  1.05 Mbits/sec
[  3] 5.0000-6.0000 sec   128 KBytes  1.05 Mbits/sec
[  3] 6.0000-7.0000 sec  20.4 KBytes   167 Kbits/sec
[  3] 7.0000-8.0000 sec  64.5 KBytes   528 Kbits/sec
[  3] 8.0000-9.0000 sec   144 KBytes  1.18 Mbits/sec
[  3] 9.0000-10.0000 sec   153 KBytes  1.25 Mbits/sec
[  3] 0.0000-10.0013 sec  1020 KBytes   835 Kbits/sec
[  3] Sent 0 datagrams
[  3] Server Report:
[ ID] Interval       Transfer     Bandwidth        Jitter   Lost/Total Datagrams
[  3] 0.0000-8.9619 sec  1020 KBytes   932 Kbits/sec   0.539 ms    0/10443 (0%)


Signal strength: -25 dBm
SNR: None dB