------------------------------------------------------------
Client connecting to 192.168.1.6, UDP port 5001
UDP buffer size:  176 KByte (default)
------------------------------------------------------------
[  3] local 192.168.1.5 port 34574 connected with 192.168.1.6 port 5001
[ ID] Interval       Transfer     Bandwidth
[  3] 0.0000-1.0000 sec  25.1 KBytes   205 Kbits/sec
[  3] 1.0000-2.0000 sec  97.2 KBytes   796 Kbits/sec
[  3] 2.0000-3.0000 sec   128 KBytes  1.05 Mbits/sec
[  3] 3.0000-4.0000 sec   128 KBytes  1.05 Mbits/sec
[  3] 4.0000-5.0000 sec   108 KBytes   887 Kbits/sec
[  3] 5.0000-6.0000 sec  2.05 KBytes  16.8 Kbits/sec
[  3] 6.0000-7.0000 sec  1.46 KBytes  12.0 Kbits/sec
[  3] 7.0000-8.0000 sec  1.27 KBytes  10.4 Kbits/sec
[  3] 8.0000-9.0000 sec  1.95 KBytes  16.0 Kbits/sec
[  3] 9.0000-10.0000 sec  2.05 KBytes  16.8 Kbits/sec
[  3] 0.0000-10.4762 sec   495 KBytes   387 Kbits/sec
[  3] Sent 0 datagrams


Signal strength: -25 dBm
SNR: None dB