------------------------------------------------------------
Client connecting to 192.168.1.6, UDP port 5001
UDP buffer size:  176 KByte (default)
------------------------------------------------------------
[  3] local 192.168.1.5 port 44883 connected with 192.168.1.6 port 5001
[ ID] Interval       Transfer     Bandwidth
[  3] 0.0000-1.0000 sec   128 KBytes  1.05 Mbits/sec
[  3] 1.0000-2.0000 sec   128 KBytes  1.05 Mbits/sec
[  3] 2.0000-3.0000 sec   128 KBytes  1.05 Mbits/sec
[  3] 3.0000-4.0000 sec  77.4 KBytes   634 Kbits/sec
[  3] 4.0000-5.0000 sec   100 Bytes   800 bits/sec
[  3] 5.0000-6.0000 sec   151 KBytes  1.24 Mbits/sec
[  3] 6.0000-7.0000 sec   154 KBytes  1.26 Mbits/sec
[  3] 7.0000-8.0000 sec   128 KBytes  1.05 Mbits/sec
[  3] 8.0000-9.0000 sec   128 KBytes  1.05 Mbits/sec
[  3] 9.0000-10.0000 sec   119 KBytes   975 Kbits/sec
[  3] 0.0000-10.9480 sec  1.11 MBytes   854 Kbits/sec
[  3] Sent 0 datagrams
[  3] Server Report:
[ ID] Interval       Transfer     Bandwidth        Jitter   Lost/Total Datagrams
[  3] 0.0000-11.3076 sec  1.11 MBytes   827 Kbits/sec  64.024 ms    0/11690 (0%)


Signal strength: -25 dBm
SNR: None dB