------------------------------------------------------------
Client connecting to 192.168.1.6, UDP port 5001
UDP buffer size:  176 KByte (default)
------------------------------------------------------------
[  3] local 192.168.1.5 port 49901 connected with 192.168.1.6 port 5001
[ ID] Interval       Transfer     Bandwidth
[  3] 0.0000-1.0000 sec  25.1 KBytes   205 Kbits/sec
[  3] 1.0000-2.0000 sec  91.8 KBytes   752 Kbits/sec
[  3] 2.0000-3.0000 sec   138 KBytes  1.13 Mbits/sec
[  3] 3.0000-4.0000 sec   128 KBytes  1.05 Mbits/sec
[  3] 4.0000-5.0000 sec   128 KBytes  1.05 Mbits/sec
[  3] 5.0000-6.0000 sec   128 KBytes  1.05 Mbits/sec
[  3] 6.0000-7.0000 sec  10.3 KBytes  84.0 Kbits/sec
[  3] 7.0000-8.0000 sec  76.0 KBytes   622 Kbits/sec
[  3] 8.0000-9.0000 sec   143 KBytes  1.17 Mbits/sec
[  3] 9.0000-10.0000 sec   143 KBytes  1.17 Mbits/sec
[  3] 0.0000-10.0910 sec  1012 KBytes   821 Kbits/sec
[  3] Sent 0 datagrams
[  3] Server Report:
[ ID] Interval       Transfer     Bandwidth        Jitter   Lost/Total Datagrams
[  3] 0.0000-9.2557 sec  1012 KBytes   895 Kbits/sec   7.654 ms    0/10358 (0%)


Signal strength: -27 dBm
SNR: None dB