------------------------------------------------------------
Client connecting to 192.168.1.6, UDP port 5001
UDP buffer size:  176 KByte (default)
------------------------------------------------------------
[  3] local 192.168.1.5 port 56718 connected with 192.168.1.6 port 5001
[ ID] Interval       Transfer     Bandwidth
[  3] 0.0000-1.0000 sec   128 KBytes  1.05 Mbits/sec
[  3] 1.0000-2.0000 sec   128 KBytes  1.05 Mbits/sec
[  3] 2.0000-3.0000 sec  30.1 KBytes   246 Kbits/sec
[  3] 3.0000-4.0000 sec  76.4 KBytes   626 Kbits/sec
[  3] 4.0000-5.0000 sec   117 KBytes   959 Kbits/sec
[  3] 5.0000-6.0000 sec   159 KBytes  1.30 Mbits/sec
[  3] 6.0000-7.0000 sec   128 KBytes  1.05 Mbits/sec
[  3] 7.0000-8.0000 sec   128 KBytes  1.05 Mbits/sec
[  3] 8.0000-9.0000 sec  67.5 KBytes   553 Kbits/sec
[  3] 9.0000-10.0000 sec  26.0 KBytes   213 Kbits/sec
[  3] 0.0000-10.0459 sec   988 KBytes   806 Kbits/sec
[  3] Sent 0 datagrams
[  3] Server Report:
[ ID] Interval       Transfer     Bandwidth        Jitter   Lost/Total Datagrams
[  3] 0.0000-10.1146 sec   988 KBytes   800 Kbits/sec   5.959 ms    0/10116 (0%)


Signal strength: -27 dBm
SNR: None dB