------------------------------------------------------------
Client connecting to 192.168.1.6, UDP port 5001
UDP buffer size:  176 KByte (default)
------------------------------------------------------------
[  3] local 192.168.1.5 port 59450 connected with 192.168.1.6 port 5001
[ ID] Interval       Transfer     Bandwidth
[  3] 0.0000-1.0000 sec  25.1 KBytes   205 Kbits/sec
[  3] 1.0000-2.0000 sec   116 KBytes   947 Kbits/sec
[  3] 2.0000-3.0000 sec   158 KBytes  1.30 Mbits/sec
[  3] 3.0000-4.0000 sec  58.0 KBytes   475 Kbits/sec
[  3] 4.0000-5.0000 sec  11.2 KBytes  92.0 Kbits/sec
[  3] 5.0000-6.0000 sec   116 KBytes   954 Kbits/sec
[  3] 6.0000-7.0000 sec   140 KBytes  1.14 Mbits/sec
[  3] 7.0000-8.0000 sec   128 KBytes  1.05 Mbits/sec
[  3] 8.0000-9.0000 sec   128 KBytes  1.05 Mbits/sec
[  3] 9.0000-10.0000 sec   107 KBytes   876 Kbits/sec
[  3] 0.0000-10.8536 sec   987 KBytes   745 Kbits/sec
[  3] Sent 0 datagrams
[  3] Server Report:
[ ID] Interval       Transfer     Bandwidth        Jitter   Lost/Total Datagrams
[  3] 0.0000-10.3597 sec   987 KBytes   781 Kbits/sec  64.584 ms    0/10110 (0%)


Signal strength: -25 dBm
SNR: None dB