------------------------------------------------------------
Client connecting to 192.168.1.6, UDP port 5001
UDP buffer size:  176 KByte (default)
------------------------------------------------------------
[  3] local 192.168.1.5 port 55739 connected with 192.168.1.6 port 5001
[ ID] Interval       Transfer     Bandwidth
[  3] 0.0000-1.0000 sec  63.0 KBytes   516 Kbits/sec
[  3] 1.0000-2.0000 sec   128 KBytes  1.05 Mbits/sec
[  3] 2.0000-3.0000 sec   128 KBytes  1.05 Mbits/sec
[  3] 3.0000-4.0000 sec   128 KBytes  1.05 Mbits/sec
[  3] 4.0000-5.0000 sec  16.9 KBytes   138 Kbits/sec
[  3] 5.0000-6.0000 sec  13.2 KBytes   108 Kbits/sec
[  3] 6.0000-7.0000 sec  18.7 KBytes   153 Kbits/sec
[  3] 7.0000-8.0000 sec   143 KBytes  1.17 Mbits/sec
[  3] 8.0000-9.0000 sec   129 KBytes  1.06 Mbits/sec
[  3] 9.0000-10.0000 sec   131 KBytes  1.07 Mbits/sec
[  3] 0.0000-10.1277 sec   899 KBytes   727 Kbits/sec
[  3] Sent 0 datagrams
[  3] Server Report:
[ ID] Interval       Transfer     Bandwidth        Jitter   Lost/Total Datagrams
[  3] 0.0000-9.6138 sec   897 KBytes   764 Kbits/sec  15.259 ms   23/ 9207 (0.25%)


Signal strength: -25 dBm
SNR: None dB