------------------------------------------------------------
Client connecting to 192.168.1.6, UDP port 5001
UDP buffer size:  176 KByte (default)
------------------------------------------------------------
[  3] local 192.168.1.5 port 48816 connected with 192.168.1.6 port 5001
[ ID] Interval       Transfer     Bandwidth
[  3] 0.0000-1.0000 sec   128 KBytes  1.05 Mbits/sec
[  3] 1.0000-2.0000 sec   128 KBytes  1.05 Mbits/sec
[  3] 2.0000-3.0000 sec   112 KBytes   914 Kbits/sec
[  3] 3.0000-4.0000 sec   100 Bytes   800 bits/sec
[  3] 4.0000-5.0000 sec   115 KBytes   942 Kbits/sec
[  3] 5.0000-6.0000 sec  79.7 KBytes   653 Kbits/sec
[  3] 6.0000-7.0000 sec  3.61 KBytes  29.6 Kbits/sec
[  3] 7.0000-8.0000 sec  54.3 KBytes   445 Kbits/sec
[  3] 8.0000-9.0000 sec   128 KBytes  1.05 Mbits/sec
[  3] 9.0000-10.0000 sec   128 KBytes  1.05 Mbits/sec
[  3] 0.0000-10.0017 sec   877 KBytes   718 Kbits/sec
[  3] Sent 0 datagrams
[  3] Server Report:
[ ID] Interval       Transfer     Bandwidth        Jitter   Lost/Total Datagrams
[  3] 0.0000-10.0155 sec   874 KBytes   715 Kbits/sec   0.935 ms   29/ 8977 (0.32%)


Signal strength: -27 dBm
SNR: None dB