------------------------------------------------------------
Client connecting to 192.168.1.6, UDP port 5001
UDP buffer size:  176 KByte (default)
------------------------------------------------------------
[  3] local 192.168.1.5 port 47932 connected with 192.168.1.6 port 5001
[ ID] Interval       Transfer     Bandwidth
[  3] 0.0000-1.0000 sec   128 KBytes  1.05 Mbits/sec
[  3] 1.0000-2.0000 sec   128 KBytes  1.05 Mbits/sec
[  3] 2.0000-3.0000 sec   128 KBytes  1.05 Mbits/sec
[  3] 3.0000-4.0000 sec   128 KBytes  1.05 Mbits/sec
[  3] 4.0000-5.0000 sec   110 KBytes   898 Kbits/sec
[  3] 5.0000-6.0000 sec   100 Bytes   800 bits/sec
[  3] 6.0000-7.0000 sec   103 KBytes   843 Kbits/sec
[  3] 7.0000-8.0000 sec   144 KBytes  1.18 Mbits/sec
[  3] 8.0000-9.0000 sec   153 KBytes  1.25 Mbits/sec
[  3] 9.0000-10.0000 sec   128 KBytes  1.05 Mbits/sec
[  3] 0.0000-10.0016 sec  1.12 MBytes   942 Kbits/sec
[  3] Sent 0 datagrams
[  3] Server Report:
[ ID] Interval       Transfer     Bandwidth        Jitter   Lost/Total Datagrams
[  3] 0.0000-10.0341 sec  1.12 MBytes   939 Kbits/sec   0.501 ms    0/11778 (0%)


Signal strength: -27 dBm
SNR: None dB