------------------------------------------------------------
Client connecting to 192.168.1.6, UDP port 5001
UDP buffer size:  176 KByte (default)
------------------------------------------------------------
[  3] local 192.168.1.5 port 48308 connected with 192.168.1.6 port 5001
[ ID] Interval       Transfer     Bandwidth
[  3] 0.0000-1.0000 sec   128 KBytes  1.05 Mbits/sec
[  3] 1.0000-2.0000 sec   128 KBytes  1.05 Mbits/sec
[  3] 2.0000-3.0000 sec  50.8 KBytes   416 Kbits/sec
[  3] 3.0000-4.0000 sec  52.3 KBytes   429 Kbits/sec
[  3] 4.0000-5.0000 sec   150 KBytes  1.23 Mbits/sec
[  3] 5.0000-6.0000 sec   128 KBytes  1.05 Mbits/sec
[  3] 6.0000-7.0000 sec   128 KBytes  1.05 Mbits/sec
[  3] 7.0000-8.0000 sec   128 KBytes  1.05 Mbits/sec
[  3] 8.0000-9.0000 sec  87.0 KBytes   713 Kbits/sec
[  3] 9.0000-10.0000 sec  13.3 KBytes   109 Kbits/sec
[  3] 0.0000-10.0420 sec   994 KBytes   811 Kbits/sec
[  3] Sent 0 datagrams
[  3] Server Report:
[ ID] Interval       Transfer     Bandwidth        Jitter   Lost/Total Datagrams
[  3] 0.0000-10.1037 sec   994 KBytes   806 Kbits/sec   3.998 ms    0/10180 (0%)


Signal strength: -27 dBm
SNR: None dB