------------------------------------------------------------
Client connecting to 192.168.1.6, UDP port 5001
UDP buffer size:  176 KByte (default)
------------------------------------------------------------
[  3] local 192.168.1.5 port 41019 connected with 192.168.1.6 port 5001
[ ID] Interval       Transfer     Bandwidth
[  3] 0.0000-1.0000 sec  25.1 KBytes   205 Kbits/sec
[  3] 1.0000-2.0000 sec   101 KBytes   824 Kbits/sec
[  3] 2.0000-3.0000 sec   128 KBytes  1.05 Mbits/sec
[  3] 3.0000-4.0000 sec   128 KBytes  1.05 Mbits/sec
[  3] 4.0000-5.0000 sec   128 KBytes  1.05 Mbits/sec
[  3] 5.0000-6.0000 sec   128 KBytes  1.05 Mbits/sec
[  3] 6.0000-7.0000 sec  23.5 KBytes   193 Kbits/sec
[  3] 7.0000-8.0000 sec  64.4 KBytes   527 Kbits/sec
[  3] 8.0000-9.0000 sec   155 KBytes  1.27 Mbits/sec
[  3] 9.0000-10.0000 sec   139 KBytes  1.14 Mbits/sec
[  3] 0.0000-10.0015 sec  1019 KBytes   835 Kbits/sec
[  3] Sent 0 datagrams
[  3] Server Report:
[ ID] Interval       Transfer     Bandwidth        Jitter   Lost/Total Datagrams
[  3] 0.0000-9.0470 sec  1019 KBytes   923 Kbits/sec   0.756 ms    0/10438 (0%)


Signal strength: -27 dBm
SNR: None dB