------------------------------------------------------------
Client connecting to 192.168.1.6, UDP port 5001
UDP buffer size:  176 KByte (default)
------------------------------------------------------------
[  3] local 192.168.1.5 port 51762 connected with 192.168.1.6 port 5001
[ ID] Interval       Transfer     Bandwidth
[  3] 0.0000-1.0000 sec   128 KBytes  1.05 Mbits/sec
[  3] 1.0000-2.0000 sec   128 KBytes  1.05 Mbits/sec
[  3] 2.0000-3.0000 sec   108 KBytes   888 Kbits/sec
[  3] 3.0000-4.0000 sec  82.3 KBytes   674 Kbits/sec
[  3] 4.0000-5.0000 sec  0.000 Bytes  0.000 bits/sec
[  3] 5.0000-6.0000 sec  89.3 KBytes   731 Kbits/sec
[  3] 6.0000-7.0000 sec  89.2 KBytes   730 Kbits/sec
[  3] 7.0000-8.0000 sec   128 KBytes  1.05 Mbits/sec
[  3] 8.0000-9.0000 sec   119 KBytes   978 Kbits/sec
[  3] 9.0000-10.0000 sec   119 KBytes   971 Kbits/sec
[  3] 0.0000-10.0250 sec   991 KBytes   810 Kbits/sec
[  3] Sent 0 datagrams
[  3] Server Report:
[ ID] Interval       Transfer     Bandwidth        Jitter   Lost/Total Datagrams
[  3] 0.0000-10.0860 sec   991 KBytes   805 Kbits/sec  10.133 ms    0/10153 (0%)


Signal strength: -23 dBm
SNR: None dB