------------------------------------------------------------
Client connecting to 192.168.1.6, UDP port 5001
UDP buffer size:  176 KByte (default)
------------------------------------------------------------
[  3] local 192.168.1.5 port 40787 connected with 192.168.1.6 port 5001
[ ID] Interval       Transfer     Bandwidth
[  3] 0.0000-1.0000 sec  25.1 KBytes   205 Kbits/sec
[  3] 1.0000-2.0000 sec  99.5 KBytes   815 Kbits/sec
[  3] 2.0000-3.0000 sec   128 KBytes  1.05 Mbits/sec
[  3] 3.0000-4.0000 sec   128 KBytes  1.05 Mbits/sec
[  3] 4.0000-5.0000 sec   128 KBytes  1.05 Mbits/sec
[  3] 5.0000-6.0000 sec   128 KBytes  1.05 Mbits/sec
[  3] 6.0000-7.0000 sec  22.2 KBytes   182 Kbits/sec
[  3] 7.0000-8.0000 sec  64.5 KBytes   528 Kbits/sec
[  3] 8.0000-9.0000 sec   157 KBytes  1.28 Mbits/sec
[  3] 9.0000-10.0000 sec   138 KBytes  1.13 Mbits/sec
[  3] 0.0000-10.0015 sec  1018 KBytes   834 Kbits/sec
[  3] Sent 0 datagrams
[  3] Server Report:
[ ID] Interval       Transfer     Bandwidth        Jitter   Lost/Total Datagrams
[  3] 0.0000-9.0083 sec  1018 KBytes   926 Kbits/sec   0.754 ms    1/10428 (0.0096%)


Signal strength: -27 dBm
SNR: None dB